<?xml version="1.0" encoding="UTF-8"?>
<!-- Generated by org.testng.reporters.JUnitReportReporter -->
<testsuite hostname="DESKTOP-1ODVV1I" failures="0" tests="1" name="testscript.AdminUsersTest" time="33.534" errors="0" timestamp="2024-10-04T13:11:18 IST" skipped="0">
  <testcase classname="testscript.AdminUsersTest" name="verifyAddingANewUser" time="33.534"/>
  <system-out/>
</testsuite> <!-- testscript.AdminUsersTest -->
