<?xml version="1.0" encoding="UTF-8"?>
<!-- Generated by org.testng.reporters.JUnitReportReporter -->
<testsuite hostname="DESKTOP-1ODVV1I" failures="0" tests="1" name="testscript.AdminUsersSearchTest" time="17.281" errors="0" timestamp="2024-10-04T13:10:03 IST" skipped="0">
  <testcase classname="testscript.AdminUsersSearchTest" name="verifySearchingAnExistingUserAndTypeCombination" time="17.281"/>
  <system-out/>
</testsuite> <!-- testscript.AdminUsersSearchTest -->
