<?xml version="1.0" encoding="UTF-8"?>
<!-- Generated by org.testng.reporters.JUnitReportReporter -->
<testsuite hostname="DESKTOP-1ODVV1I" failures="0" tests="1" name="testscript.ManageUsersSearchTest" time="68.494" errors="0" timestamp="2024-10-04T13:17:48 IST" skipped="0">
  <testcase classname="testscript.ManageUsersSearchTest" name="verifySearchingAValidNews" time="68.494"/>
  <system-out/>
</testsuite> <!-- testscript.ManageUsersSearchTest -->
